<component name="libraryTable">
  <library name="junit-4.12">
    <ANNOTATIONS>
      <root url="file://$PROJECT_DIR$/annotations" />
    </ANNOTATIONS>
    <CLASSES>
      <root url="jar://$PROJECT_DIR$/../kotlin-ir/ideaSDK/lib/hamcrest-core-1.3.jar!/" />
      <root url="jar://$PROJECT_DIR$/../kotlin-ir/ideaSDK/lib/junit-4.12.jar!/" />
    </CLASSES>
    <JAVADOC />
    <SOURCES>
      <root url="jar://$PROJECT_DIR$/../kotlin-ir/dependencies/hamcrest-core-1.3-sources.jar!/" />
      <root url="jar://$PROJECT_DIR$/../kotlin-ir/dependencies/junit-4.12-sources.jar!/" />
    </SOURCES>
  </library>
</component>
